============================================================
  EQUINOXEN MEDIA — CONTENT PIPELINE
  Running at: 2026-05-23 15:00:27
  Target: 3 articles
============================================================
📂 Loading intelligence report: intelligence_report_20260523_073745.json

📋 Found 10 opportunities

============================================================
  ARTICLE 1 of 3 (opportunity 1 of 10)
============================================================

✍️  Generating article: Best Project Management Software for Construction Companies in 2026
   Keyword: project management software construction
   Type: buying_guide
   ✅ Article generated (15527 characters)
   🔍 Generating SEO metadata...
   💾 Saved locally: article_best-project-management-software-construction-companies-2026_20260523_150158.html
   🎨 Generating AI featured images...
   🎨 Generating landscape AI image for: Best Project Management Software for Construction Companies in 2026
   ✅ Landscape image generated (100KB)
   🔍 DEBUG — draft parameter received: False

📤 Publishing to WordPress as publish...
   ✅ Published! ID: 359
   🔗 URL: https://equinoxen.com/best-project-management-software-construction-companies-2026/
   📝 Tracked: Best Project Management Software for Construction Companies in 2026

📱 Posting to social media...
   📤 Posting to LinkedIn...
   🖼️  Uploading image to LinkedIn...
   ✅ Image uploaded to LinkedIn
   ✅ LinkedIn posted successfully
   📤 Posting to X...
   ✅ X posted successfully
   📱 Social posting complete

⏳ Waiting 5 seconds before next article...

============================================================
  ARTICLE 2 of 3 (opportunity 2 of 10)
============================================================

✍️  Generating article: ClickUp vs Asana 2026: Which Project Management Tool is Better for Small Teams?
   Keyword: clickup vs asana
   Type: comparison
   ✅ Article generated (20398 characters)
   🔍 Generating SEO metadata...
   💾 Saved locally: article_clickup-vs-asana-2026-small-teams_20260523_150453.html
   🎨 Generating AI featured images...
   🎨 Generating landscape AI image for: ClickUp vs Asana 2026: Which Project Management Tool is Better for Small Teams?
   ✅ Landscape image generated (73KB)
   🔍 DEBUG — draft parameter received: False

📤 Publishing to WordPress as publish...
   ✅ Published! ID: 361
   🔗 URL: https://equinoxen.com/clickup-vs-asana-2026-small-teams/
   📝 Tracked: ClickUp vs Asana 2026: Which Project Management Tool is Better for Small Teams?

📱 Posting to social media...
   📤 Posting to X...
   ✅ X posted successfully
   📱 Social posting complete

⏳ Waiting 5 seconds before next article...

============================================================
  ARTICLE 3 of 3 (opportunity 3 of 10)
============================================================

✍️  Generating article: Notion Review 2026: Is This All-in-One Workspace Worth It for Business?
   Keyword: notion review
   Type: review
   ✅ Article generated (16663 characters)
   🔍 Generating SEO metadata...
   💾 Saved locally: article_notion-review-2026-all-in-one-workspace-business_20260523_150732.html
   🎨 Generating AI featured images...
   🎨 Generating landscape AI image for: Notion Review 2026: Is This All-in-One Workspace Worth It for Business?
   ✅ Landscape image generated (82KB)
   🔍 DEBUG — draft parameter received: False

📤 Publishing to WordPress as publish...
   ✅ Published! ID: 363
   🔗 URL: https://equinoxen.com/notion-review-2026-all-in-one-workspace-business/
   📝 Tracked: Notion Review 2026: Is This All-in-One Workspace Worth It for Business?

📱 Posting to social media...
   📤 Posting to X...
   ✅ X posted successfully
   📱 Social posting complete

============================================================
  PIPELINE COMPLETE
============================================================

✅ Published 3 of 3 target articles:

  📄 Best Project Management Software for Construction Companies in 2026
     Keyword: project management software construction
     Local: article_best-project-management-software-construction-companies-2026_20260523_150158.html
     WordPress: https://equinoxen.com/best-project-management-software-construction-companies-2026/
     Status: published

  📄 ClickUp vs Asana 2026: Which Project Management Tool is Better for Small Teams?
     Keyword: clickup vs asana
     Local: article_clickup-vs-asana-2026-small-teams_20260523_150453.html
     WordPress: https://equinoxen.com/clickup-vs-asana-2026-small-teams/
     Status: published

  📄 Notion Review 2026: Is This All-in-One Workspace Worth It for Business?
     Keyword: notion review
     Local: article_notion-review-2026-all-in-one-workspace-business_20260523_150732.html
     WordPress: https://equinoxen.com/notion-review-2026-all-in-one-workspace-business/
     Status: published

💡 Next steps:
   1. Review articles in WordPress
   2. Verify affiliate links are working
